<?xml version="1.0" encoding="UTF-8"?>
<robot generator="Robot 6.1.1 (Python 3.12.4 on win32)" generated="20241124 20:51:32.374" rpa="false" schemaversion="4">
<suite id="s1" name="Tests" source="C:\Users\joaki\Workspace\jkl-stuff\kurssit\ohjelmistotuotanto\ohjelmistotuotanto\osa3\login-robot\src\tests">
<suite id="s1-s1" name="Login" source="C:\Users\joaki\Workspace\jkl-stuff\kurssit\ohjelmistotuotanto\ohjelmistotuotanto\osa3\login-robot\src\tests\login.robot">
<test id="s1-s1-t1" name="Login With Correct Credentials" line="6">
<kw name="Create User And Input Login Command" type="SETUP">
<kw name="Create User" library="AppLibrary">
<arg>kalle</arg>
<arg>kalle123</arg>
<status status="PASS" starttime="20241124 20:51:32.412" endtime="20241124 20:51:32.413"/>
</kw>
<kw name="Input Login Command" library="resource">
<kw name="Input" library="AppLibrary">
<arg>login</arg>
<status status="PASS" starttime="20241124 20:51:32.413" endtime="20241124 20:51:32.413"/>
</kw>
<status status="PASS" starttime="20241124 20:51:32.413" endtime="20241124 20:51:32.413"/>
</kw>
<status status="PASS" starttime="20241124 20:51:32.412" endtime="20241124 20:51:32.413"/>
</kw>
<kw name="Input Credentials" library="resource">
<arg>kalle</arg>
<arg>kalle123</arg>
<kw name="Input" library="AppLibrary">
<arg>${username}</arg>
<status status="PASS" starttime="20241124 20:51:32.413" endtime="20241124 20:51:32.413"/>
</kw>
<kw name="Input" library="AppLibrary">
<arg>${password}</arg>
<status status="PASS" starttime="20241124 20:51:32.413" endtime="20241124 20:51:32.414"/>
</kw>
<kw name="Run Application" library="AppLibrary">
<status status="PASS" starttime="20241124 20:51:32.414" endtime="20241124 20:51:32.414"/>
</kw>
<status status="PASS" starttime="20241124 20:51:32.413" endtime="20241124 20:51:32.414"/>
</kw>
<kw name="Output Should Contain" library="AppLibrary">
<arg>Logged in</arg>
<status status="PASS" starttime="20241124 20:51:32.414" endtime="20241124 20:51:32.414"/>
</kw>
<status status="PASS" starttime="20241124 20:51:32.412" endtime="20241124 20:51:32.414"/>
</test>
<test id="s1-s1-t2" name="Login With Incorrect Password" line="10">
<kw name="Create User And Input Login Command" type="SETUP">
<kw name="Create User" library="AppLibrary">
<arg>kalle</arg>
<arg>kalle123</arg>
<status status="PASS" starttime="20241124 20:51:32.415" endtime="20241124 20:51:32.415"/>
</kw>
<kw name="Input Login Command" library="resource">
<kw name="Input" library="AppLibrary">
<arg>login</arg>
<status status="PASS" starttime="20241124 20:51:32.415" endtime="20241124 20:51:32.415"/>
</kw>
<status status="PASS" starttime="20241124 20:51:32.415" endtime="20241124 20:51:32.415"/>
</kw>
<status status="PASS" starttime="20241124 20:51:32.415" endtime="20241124 20:51:32.415"/>
</kw>
<kw name="Input Credentials" library="resource">
<arg>kalle</arg>
<arg>kalle12</arg>
<kw name="Input" library="AppLibrary">
<arg>${username}</arg>
<status status="PASS" starttime="20241124 20:51:32.416" endtime="20241124 20:51:32.416"/>
</kw>
<kw name="Input" library="AppLibrary">
<arg>${password}</arg>
<status status="PASS" starttime="20241124 20:51:32.416" endtime="20241124 20:51:32.416"/>
</kw>
<kw name="Run Application" library="AppLibrary">
<status status="PASS" starttime="20241124 20:51:32.416" endtime="20241124 20:51:32.416"/>
</kw>
<status status="PASS" starttime="20241124 20:51:32.415" endtime="20241124 20:51:32.416"/>
</kw>
<kw name="Output Should Contain" library="AppLibrary">
<arg>Invalid username or password</arg>
<status status="PASS" starttime="20241124 20:51:32.416" endtime="20241124 20:51:32.416"/>
</kw>
<status status="PASS" starttime="20241124 20:51:32.415" endtime="20241124 20:51:32.416"/>
</test>
<test id="s1-s1-t3" name="Login With Nonexistent Username" line="14">
<kw name="Create User And Input Login Command" type="SETUP">
<kw name="Create User" library="AppLibrary">
<arg>kalle</arg>
<arg>kalle123</arg>
<status status="PASS" starttime="20241124 20:51:32.417" endtime="20241124 20:51:32.417"/>
</kw>
<kw name="Input Login Command" library="resource">
<kw name="Input" library="AppLibrary">
<arg>login</arg>
<status status="PASS" starttime="20241124 20:51:32.418" endtime="20241124 20:51:32.418"/>
</kw>
<status status="PASS" starttime="20241124 20:51:32.417" endtime="20241124 20:51:32.418"/>
</kw>
<status status="PASS" starttime="20241124 20:51:32.417" endtime="20241124 20:51:32.418"/>
</kw>
<kw name="Input Credentials" library="resource">
<arg>kall</arg>
<arg>kalle123</arg>
<kw name="Input" library="AppLibrary">
<arg>${username}</arg>
<status status="PASS" starttime="20241124 20:51:32.418" endtime="20241124 20:51:32.418"/>
</kw>
<kw name="Input" library="AppLibrary">
<arg>${password}</arg>
<status status="PASS" starttime="20241124 20:51:32.418" endtime="20241124 20:51:32.418"/>
</kw>
<kw name="Run Application" library="AppLibrary">
<status status="PASS" starttime="20241124 20:51:32.418" endtime="20241124 20:51:32.418"/>
</kw>
<status status="PASS" starttime="20241124 20:51:32.418" endtime="20241124 20:51:32.418"/>
</kw>
<kw name="Output Should Contain" library="AppLibrary">
<arg>Invalid username or password</arg>
<status status="PASS" starttime="20241124 20:51:32.418" endtime="20241124 20:51:32.419"/>
</kw>
<status status="PASS" starttime="20241124 20:51:32.417" endtime="20241124 20:51:32.419"/>
</test>
<status status="PASS" starttime="20241124 20:51:32.400" endtime="20241124 20:51:32.419"/>
</suite>
<suite id="s1-s2" name="Register" source="C:\Users\joaki\Workspace\jkl-stuff\kurssit\ohjelmistotuotanto\ohjelmistotuotanto\osa3\login-robot\src\tests\register.robot">
<test id="s1-s2-t1" name="Register With Valid Username And Password" line="6">
<kw name="Input New Command And Create User" type="SETUP">
<kw name="Create User" library="AppLibrary">
<arg>kalle</arg>
<arg>kalle123</arg>
<status status="PASS" starttime="20241124 20:51:32.423" endtime="20241124 20:51:32.423"/>
</kw>
<kw name="Input New Command" library="resource">
<kw name="Input" library="AppLibrary">
<arg>new</arg>
<status status="PASS" starttime="20241124 20:51:32.423" endtime="20241124 20:51:32.424"/>
</kw>
<status status="PASS" starttime="20241124 20:51:32.423" endtime="20241124 20:51:32.424"/>
</kw>
<status status="PASS" starttime="20241124 20:51:32.423" endtime="20241124 20:51:32.424"/>
</kw>
<kw name="Input Credentials" library="resource">
<arg>kallee</arg>
<arg>kalle123</arg>
<kw name="Input" library="AppLibrary">
<arg>${username}</arg>
<status status="PASS" starttime="20241124 20:51:32.424" endtime="20241124 20:51:32.424"/>
</kw>
<kw name="Input" library="AppLibrary">
<arg>${password}</arg>
<status status="PASS" starttime="20241124 20:51:32.424" endtime="20241124 20:51:32.424"/>
</kw>
<kw name="Run Application" library="AppLibrary">
<status status="PASS" starttime="20241124 20:51:32.424" endtime="20241124 20:51:32.424"/>
</kw>
<status status="PASS" starttime="20241124 20:51:32.424" endtime="20241124 20:51:32.424"/>
</kw>
<kw name="Output Should Contain" library="AppLibrary">
<arg>New user registered</arg>
<status status="PASS" starttime="20241124 20:51:32.424" endtime="20241124 20:51:32.425"/>
</kw>
<status status="PASS" starttime="20241124 20:51:32.423" endtime="20241124 20:51:32.425"/>
</test>
<test id="s1-s2-t2" name="Register With Already Taken Username And Valid Password" line="10">
<kw name="Input New Command And Create User" type="SETUP">
<kw name="Create User" library="AppLibrary">
<arg>kalle</arg>
<arg>kalle123</arg>
<status status="PASS" starttime="20241124 20:51:32.426" endtime="20241124 20:51:32.426"/>
</kw>
<kw name="Input New Command" library="resource">
<kw name="Input" library="AppLibrary">
<arg>new</arg>
<status status="PASS" starttime="20241124 20:51:32.426" endtime="20241124 20:51:32.426"/>
</kw>
<status status="PASS" starttime="20241124 20:51:32.426" endtime="20241124 20:51:32.426"/>
</kw>
<status status="PASS" starttime="20241124 20:51:32.426" endtime="20241124 20:51:32.426"/>
</kw>
<kw name="Input Credentials" library="resource">
<arg>kalle</arg>
<arg>kalle123</arg>
<kw name="Input" library="AppLibrary">
<arg>${username}</arg>
<status status="PASS" starttime="20241124 20:51:32.426" endtime="20241124 20:51:32.426"/>
</kw>
<kw name="Input" library="AppLibrary">
<arg>${password}</arg>
<status status="PASS" starttime="20241124 20:51:32.426" endtime="20241124 20:51:32.427"/>
</kw>
<kw name="Run Application" library="AppLibrary">
<status status="PASS" starttime="20241124 20:51:32.427" endtime="20241124 20:51:32.427"/>
</kw>
<status status="PASS" starttime="20241124 20:51:32.426" endtime="20241124 20:51:32.427"/>
</kw>
<kw name="Output Should Contain" library="AppLibrary">
<arg>User with username kalle already exists</arg>
<status status="PASS" starttime="20241124 20:51:32.427" endtime="20241124 20:51:32.427"/>
</kw>
<status status="PASS" starttime="20241124 20:51:32.425" endtime="20241124 20:51:32.427"/>
</test>
<test id="s1-s2-t3" name="Register With Too Short Username And Valid Password" line="14">
<kw name="Input New Command And Create User" type="SETUP">
<kw name="Create User" library="AppLibrary">
<arg>kalle</arg>
<arg>kalle123</arg>
<status status="PASS" starttime="20241124 20:51:32.428" endtime="20241124 20:51:32.428"/>
</kw>
<kw name="Input New Command" library="resource">
<kw name="Input" library="AppLibrary">
<arg>new</arg>
<status status="PASS" starttime="20241124 20:51:32.428" endtime="20241124 20:51:32.428"/>
</kw>
<status status="PASS" starttime="20241124 20:51:32.428" endtime="20241124 20:51:32.428"/>
</kw>
<status status="PASS" starttime="20241124 20:51:32.428" endtime="20241124 20:51:32.428"/>
</kw>
<kw name="Input Credentials" library="resource">
<arg>ka</arg>
<arg>kalle123</arg>
<kw name="Input" library="AppLibrary">
<arg>${username}</arg>
<status status="PASS" starttime="20241124 20:51:32.429" endtime="20241124 20:51:32.429"/>
</kw>
<kw name="Input" library="AppLibrary">
<arg>${password}</arg>
<status status="PASS" starttime="20241124 20:51:32.429" endtime="20241124 20:51:32.429"/>
</kw>
<kw name="Run Application" library="AppLibrary">
<status status="PASS" starttime="20241124 20:51:32.429" endtime="20241124 20:51:32.429"/>
</kw>
<status status="PASS" starttime="20241124 20:51:32.428" endtime="20241124 20:51:32.429"/>
</kw>
<kw name="Output Should Contain" library="AppLibrary">
<arg>username too short.</arg>
<status status="PASS" starttime="20241124 20:51:32.429" endtime="20241124 20:51:32.429"/>
</kw>
<status status="PASS" starttime="20241124 20:51:32.428" endtime="20241124 20:51:32.429"/>
</test>
<test id="s1-s2-t4" name="Register With Enough Long But Invalid Username And Valid Password" line="18">
<kw name="Input New Command And Create User" type="SETUP">
<kw name="Create User" library="AppLibrary">
<arg>kalle</arg>
<arg>kalle123</arg>
<status status="PASS" starttime="20241124 20:51:32.430" endtime="20241124 20:51:32.430"/>
</kw>
<kw name="Input New Command" library="resource">
<kw name="Input" library="AppLibrary">
<arg>new</arg>
<status status="PASS" starttime="20241124 20:51:32.431" endtime="20241124 20:51:32.431"/>
</kw>
<status status="PASS" starttime="20241124 20:51:32.430" endtime="20241124 20:51:32.431"/>
</kw>
<status status="PASS" starttime="20241124 20:51:32.430" endtime="20241124 20:51:32.431"/>
</kw>
<kw name="Input Credentials" library="resource">
<arg>kal1</arg>
<arg>kalle123</arg>
<kw name="Input" library="AppLibrary">
<arg>${username}</arg>
<status status="PASS" starttime="20241124 20:51:32.432" endtime="20241124 20:51:32.432"/>
</kw>
<kw name="Input" library="AppLibrary">
<arg>${password}</arg>
<status status="PASS" starttime="20241124 20:51:32.432" endtime="20241124 20:51:32.432"/>
</kw>
<kw name="Run Application" library="AppLibrary">
<status status="PASS" starttime="20241124 20:51:32.432" endtime="20241124 20:51:32.432"/>
</kw>
<status status="PASS" starttime="20241124 20:51:32.431" endtime="20241124 20:51:32.432"/>
</kw>
<kw name="Output Should Contain" library="AppLibrary">
<arg>username invalid.</arg>
<status status="PASS" starttime="20241124 20:51:32.432" endtime="20241124 20:51:32.432"/>
</kw>
<status status="PASS" starttime="20241124 20:51:32.430" endtime="20241124 20:51:32.432"/>
</test>
<test id="s1-s2-t5" name="Register With Valid Username And Too Short Password" line="22">
<kw name="Input New Command And Create User" type="SETUP">
<kw name="Create User" library="AppLibrary">
<arg>kalle</arg>
<arg>kalle123</arg>
<status status="PASS" starttime="20241124 20:51:32.433" endtime="20241124 20:51:32.433"/>
</kw>
<kw name="Input New Command" library="resource">
<kw name="Input" library="AppLibrary">
<arg>new</arg>
<status status="PASS" starttime="20241124 20:51:32.433" endtime="20241124 20:51:32.434"/>
</kw>
<status status="PASS" starttime="20241124 20:51:32.433" endtime="20241124 20:51:32.434"/>
</kw>
<status status="PASS" starttime="20241124 20:51:32.433" endtime="20241124 20:51:32.434"/>
</kw>
<kw name="Input Credentials" library="resource">
<arg>kal</arg>
<arg>kalle12</arg>
<kw name="Input" library="AppLibrary">
<arg>${username}</arg>
<status status="PASS" starttime="20241124 20:51:32.434" endtime="20241124 20:51:32.434"/>
</kw>
<kw name="Input" library="AppLibrary">
<arg>${password}</arg>
<status status="PASS" starttime="20241124 20:51:32.434" endtime="20241124 20:51:32.434"/>
</kw>
<kw name="Run Application" library="AppLibrary">
<status status="PASS" starttime="20241124 20:51:32.434" endtime="20241124 20:51:32.434"/>
</kw>
<status status="PASS" starttime="20241124 20:51:32.434" endtime="20241124 20:51:32.434"/>
</kw>
<kw name="Output Should Contain" library="AppLibrary">
<arg>password not valid.</arg>
<status status="PASS" starttime="20241124 20:51:32.434" endtime="20241124 20:51:32.435"/>
</kw>
<status status="PASS" starttime="20241124 20:51:32.433" endtime="20241124 20:51:32.435"/>
</test>
<test id="s1-s2-t6" name="Register With Valid Username And Long Enough Password Containing Only Letters" line="26">
<kw name="Input New Command And Create User" type="SETUP">
<kw name="Create User" library="AppLibrary">
<arg>kalle</arg>
<arg>kalle123</arg>
<status status="PASS" starttime="20241124 20:51:32.436" endtime="20241124 20:51:32.436"/>
</kw>
<kw name="Input New Command" library="resource">
<kw name="Input" library="AppLibrary">
<arg>new</arg>
<status status="PASS" starttime="20241124 20:51:32.436" endtime="20241124 20:51:32.436"/>
</kw>
<status status="PASS" starttime="20241124 20:51:32.436" endtime="20241124 20:51:32.436"/>
</kw>
<status status="PASS" starttime="20241124 20:51:32.435" endtime="20241124 20:51:32.436"/>
</kw>
<kw name="Input Credentials" library="resource">
<arg>kal</arg>
<arg>kalleeeeeeee</arg>
<kw name="Input" library="AppLibrary">
<arg>${username}</arg>
<status status="PASS" starttime="20241124 20:51:32.436" endtime="20241124 20:51:32.436"/>
</kw>
<kw name="Input" library="AppLibrary">
<arg>${password}</arg>
<status status="PASS" starttime="20241124 20:51:32.436" endtime="20241124 20:51:32.436"/>
</kw>
<kw name="Run Application" library="AppLibrary">
<status status="PASS" starttime="20241124 20:51:32.436" endtime="20241124 20:51:32.437"/>
</kw>
<status status="PASS" starttime="20241124 20:51:32.436" endtime="20241124 20:51:32.437"/>
</kw>
<kw name="Output Should Contain" library="AppLibrary">
<arg>password not valid.</arg>
<status status="PASS" starttime="20241124 20:51:32.437" endtime="20241124 20:51:32.437"/>
</kw>
<status status="PASS" starttime="20241124 20:51:32.435" endtime="20241124 20:51:32.437"/>
</test>
<status status="PASS" starttime="20241124 20:51:32.420" endtime="20241124 20:51:32.438"/>
</suite>
<status status="PASS" starttime="20241124 20:51:32.375" endtime="20241124 20:51:32.438"/>
</suite>
<statistics>
<total>
<stat pass="9" fail="0" skip="0">All Tests</stat>
</total>
<tag>
</tag>
<suite>
<stat pass="9" fail="0" skip="0" id="s1" name="Tests">Tests</stat>
<stat pass="3" fail="0" skip="0" id="s1-s1" name="Login">Tests.Login</stat>
<stat pass="6" fail="0" skip="0" id="s1-s2" name="Register">Tests.Register</stat>
</suite>
</statistics>
<errors>
</errors>
</robot>
